SET timestamp=1484875996;
SELECT Event_Name,Event_Des,Event_Time,Event_Sn FROM spzh.ac_logger_ana
WHERE event_name='invite ok';
# Time: 2017-01-20T09:33:17.003672+08:00
# User@Host: user_spzh_or[user_spzh_or] @  [10.205.52.24]  Id: 137689
# Query_time: 0.081669  Lock_time: 0.000045 Rows_sent: 16416  Rows_examined: 16416
SET timestamp=1484875997;
SELECT * FROM spzh.ac_race_openacc;
# Time: 2017-01-20T09:33:18.704450+08:00
# User@Host: user_spzh_or[user_spzh_or] @  [10.205.52.24]  Id: 137686
# Query_time: 1.782185  Lock_time: 0.000094 Rows_sent: 22459  Rows_examined: 22459
SET timestamp=1484875998;
SELECT * FROM spzh.ac_retire_list;
# Time: 2017-01-20T09:33:19.094688+08:00
# User@Host: user_spzh_or[user_spzh_or] @  [10.205.52.24]  Id: 137691
# Query_time: 1.760822  Lock_time: 0.000026 Rows_sent: 0  Rows_examined: 371481
SET timestamp=1484875999;
SELECT * FROM spzh.ac_yonghu;
# Time: 2017-01-20T09:33:20.203672+08:00
# User@Host: user_spzh_or[user_spzh_or] @  [10.205.52.24]  Id: 137685
# Query_time: 3.282591  Lock_time: 0.000177 Rows_sent: 369055  Rows_examined: 369055
SET timestamp=1484876000;
select * from spzh.ac_zuhe_set;
# Time: 2017-01-20T09:33:20.834724+08:00
# User@Host: user_spzh_or[user_spzh_or] @  [10.205.52.24]  Id: 137690
# Query_time: 3.912636  Lock_time: 0.000103 Rows_sent: 77475  Rows_examined: 159455
SET timestamp=1484876000;
SELECT * FROM spzh.ac_race_invite
UNION
SELECT * FROM spzh.ac_race_invite_118;
# Time: 2017-01-20T09:33:20.898269+08:00
# User@Host: user_spzh_or[user_spzh_or] @  [10.205.52.24]  Id: 137684
# Query_time: 3.976426  Lock_time: 0.000042 Rows_sent: 241742  Rows_examined: 241742
SET timestamp=1484876000;
SELECT * FROM spzh.ac_rankinglist;
# Time: 2017-01-20T09:33:22.947020+08:00
# User@Host: user_spzh_or[user_spzh_or] @  [10.205.52.24]  Id: 137688
# Query_time: 6.025884  Lock_time: 0.000196 Rows_sent: 143916  Rows_examined: 143916
SET timestamp=1484876002;
select infoStr0 as Adid,case when infoStr1='' then null else infoStr1 end as clicktime,
infoStr2,infoStr3,curTm,uid,zuheId from spzh.big_data_infos;
# Time: 2017-01-20T10:06:58.826410+08:00
# User@Host: user_spzh_or[user_spzh_or] @  [10.205.52.24]  Id: 137758
# Query_time: 0.027955  Lock_time: 0.000108 Rows_sent: 1642  Rows_examined: 33528
SET timestamp=1484878018;
SELECT Event_Name,Event_Des,Event_Time,Event_Sn FROM spzh.ac_logger_ana
WHERE event_name='invite ok';
# Time: 2017-01-20T10:06:58.892553+08:00
# User@Host: user_spzh_or[user_spzh_or] @  [10.205.52.24]  Id: 137753
# Query_time: 0.094272  Lock_time: 0.000063 Rows_sent: 16416  Rows_examined: 16416
SET timestamp=1484878018;
SELECT * FROM spzh.ac_race_openacc;
# Time: 2017-01-20T10:07:00.256507+08:00
# User@Host: user_spzh_or[user_spzh_or] @  [10.205.52.24]  Id: 137751
# Query_time: 1.461002  Lock_time: 0.000040 Rows_sent: 22459  Rows_examined: 22459
SET timestamp=1484878020;
SELECT * FROM spzh.ac_retire_list;
# Time: 2017-01-20T10:07:00.808598+08:00
# User@Host: user_spzh_or[user_spzh_or] @  [10.205.52.24]  Id: 137756
# Query_time: 1.595553  Lock_time: 0.000034 Rows_sent: 0  Rows_examined: 371637
SET timestamp=1484878020;
SELECT * FROM spzh.ac_yonghu;
# Time: 2017-01-20T10:07:01.865445+08:00
# User@Host: user_spzh_or[user_spzh_or] @  [10.205.52.24]  Id: 137752
# Query_time: 3.070094  Lock_time: 0.000056 Rows_sent: 369211  Rows_examined: 369211
SET timestamp=1484878021;
select * from spzh.ac_zuhe_set;
# Time: 2017-01-20T10:07:02.127721+08:00
# User@Host: user_spzh_or[user_spzh_or] @  [10.205.52.24]  Id: 137755
# Query_time: 3.329533  Lock_time: 0.000278 Rows_sent: 77481  Rows_examined: 159467
SET timestamp=1484878022;
SELECT * FROM spzh.ac_race_invite
UNION
SELECT * FROM spzh.ac_race_invite_118;
# Time: 2017-01-20T10:07:02.490476+08:00
# User@Host: user_spzh_or[user_spzh_or] @  [10.205.52.24]  Id: 137757
# Query_time: 3.693066  Lock_time: 0.000045 Rows_sent: 241882  Rows_examined: 241882
SET timestamp=1484878022;
SELECT * FROM spzh.ac_rankinglist;
# Time: 2017-01-20T10:07:05.012345+08:00
# User@Host: user_spzh_or[user_spzh_or] @  [10.205.52.24]  Id: 137754
# Query_time: 6.213644  Lock_time: 0.000099 Rows_sent: 144072  Rows_examined: 144072
SET timestamp=1484878025;
select infoStr0 as Adid,case when infoStr1='' then null else infoStr1 end as clicktime,
infoStr2,infoStr3,curTm,uid,zuheId from spzh.big_data_infos;
# Time: 2017-01-20T10:41:54.607513+08:00
# User@Host: user_spzh_or[user_spzh_or] @  [10.205.52.24]  Id: 137825
# Query_time: 0.033154  Lock_time: 0.000153 Rows_sent: 1643  Rows_examined: 33544
SET timestamp=1484880114;
SELECT Event_Name,Event_Des,Event_Time,Event_Sn FROM spzh.ac_logger_ana
WHERE event_name='invite ok';
# Time: 2017-01-20T10:41:54.678639+08:00
# User@Host: user_spzh_or[user_spzh_or] @  [10.205.52.24]  Id: 137826
# Query_time: 0.103690  Lock_time: 0.000084 Rows_sent: 16416  Rows_examined: 16416
SET timestamp=1484880114;
SELECT * FROM spzh.ac_race_openacc;
# Time: 2017-01-20T10:41:56.397502+08:00
# User@Host: user_spzh_or[user_spzh_or] @  [10.205.52.24]  Id: 137828
# Query_time: 1.400343  Lock_time: 0.000027 Rows_sent: 0  Rows_examined: 372144
SET timestamp=1484880116;
SELECT * FROM spzh.ac_yonghu;
# Time: 2017-01-20T10:41:56.905977+08:00
# User@Host: user_spzh_or[user_spzh_or] @  [10.205.52.24]  Id: 137821
# Query_time: 2.331011  Lock_time: 0.000040 Rows_sent: 22459  Rows_examined: 22459
SET timestamp=1484880116;
SELECT * FROM spzh.ac_retire_list;
# Time: 2017-01-20T10:41:57.518744+08:00
# User@Host: user_spzh_or[user_spzh_or] @  [10.205.52.24]  Id: 137827
# Query_time: 2.943775  Lock_time: 0.000113 Rows_sent: 77503  Rows_examined: 159510